
events.js:72
        throw er; // Unhandled 'error' event
              ^
Error: failed to connect to [troup.mongohq.com:10040]
    at null.<anonymous> (/www/api-server/node_modules/mongoose/node_modules/mongodb/lib/mongodb/connection/server.js:549:74)
    at emit (events.js:106:17)
    at null.<anonymous> (/www/api-server/node_modules/mongoose/node_modules/mongodb/lib/mongodb/connection/connection_pool.js:150:15)
    at emit (events.js:98:17)
    at Socket.<anonymous> (/www/api-server/node_modules/mongoose/node_modules/mongodb/lib/mongodb/connection/connection.js:533:10)
    at Socket.emit (events.js:95:17)
    at net.js:440:14
    at process._tickCallback (node.js:419:13)

events.js:72
        throw er; // Unhandled 'error' event
              ^
Error: failed to connect to [troup.mongohq.com:10040]
    at null.<anonymous> (/www/api-server/node_modules/mongoose/node_modules/mongodb/lib/mongodb/connection/server.js:549:74)
    at emit (events.js:106:17)
    at null.<anonymous> (/www/api-server/node_modules/mongoose/node_modules/mongodb/lib/mongodb/connection/connection_pool.js:150:15)
    at emit (events.js:98:17)
    at Socket.<anonymous> (/www/api-server/node_modules/mongoose/node_modules/mongodb/lib/mongodb/connection/connection.js:533:10)
    at Socket.emit (events.js:95:17)
    at net.js:440:14
    at process._tickCallback (node.js:419:13)
