Listening on port: 8080
[0mGET /api/customer [36m304 [0m95.772 ms - -[0m
[0mGET /api/customer/545d053ad9d050f57275876f [36m304 [0m84.170 ms - -[0m
[0mGET /api/customer [36m304 [0m80.400 ms - -[0m
[0mGET /api/customer/545c26253b6bf8476f34b9be [36m304 [0m81.649 ms - -[0m
[0mGET /api/customer [36m304 [0m85.366 ms - -[0m
[0mGET /api/customer/545c13f6966d1f256e7cce29 [36m304 [0m80.723 ms - -[0m
[0mGET /api/customer [36m304 [0m85.494 ms - -[0m
[0mGET /api/customer/545d57afe548aa037508df5b [36m304 [0m202.653 ms - -[0m
[0mGET /api/customer [36m304 [0m96.019 ms - -[0m
[0mGET /api/customer [32m- [0m- ms - -[0m
Listening on port: 8080
[0mGET /api/customer [32m200 [0m99.081 ms - 2583[0m
[0mGET /api/customer [36m304 [0m90.931 ms - -[0m
[0mGET /api/customer [36m304 [0m82.604 ms - -[0m
[0mGET /api/customer [36m304 [0m85.251 ms - -[0m
[0mGET /api/customer [36m304 [0m88.669 ms - -[0m
[0mGET /api/customer [36m304 [0m95.454 ms - -[0m
[0mGET /api/customer [36m304 [0m124.565 ms - -[0m
[0mGET /api/customer [36m304 [0m84.237 ms - -[0m
[0mGET /api/customer [36m304 [0m80.642 ms - -[0m
[0mGET /api/customer [36m304 [0m90.356 ms - -[0m
[0mGET /api/customer [36m304 [0m92.411 ms - -[0m
[0mGET /api/customer [36m304 [0m86.876 ms - -[0m
[0mGET /api/customer [36m304 [0m80.409 ms - -[0m
[0mGET /api/customer [36m304 [0m83.855 ms - -[0m
[0mGET /api/customer [36m304 [0m86.524 ms - -[0m
[0mGET /api/customer [36m304 [0m88.562 ms - -[0m
[0mGET /api/customer [36m304 [0m85.831 ms - -[0m
[0mGET /api/customer [36m304 [0m79.875 ms - -[0m
[0mGET /api/customer [36m304 [0m80.022 ms - -[0m
[0mGET /api/customer [36m304 [0m86.904 ms - -[0m
[0mGET /api/customer [36m304 [0m90.379 ms - -[0m
[0mGET /api/customer [36m304 [0m86.963 ms - -[0m
[0mGET /api/customer [36m304 [0m81.525 ms - -[0m
[0mGET /api/customer [36m304 [0m81.171 ms - -[0m
[0mGET /api/customer [36m304 [0m87.980 ms - -[0m
[0mGET /api/customer [36m304 [0m87.477 ms - -[0m
[0mGET /api/customer [36m304 [0m329.118 ms - -[0m
[0mGET /api/customer [36m304 [0m82.639 ms - -[0m
[0mGET /api/customer [36m304 [0m83.017 ms - -[0m
[0mGET /api/customer [36m304 [0m86.531 ms - -[0m
[0mGET /api/customer [36m304 [0m89.502 ms - -[0m
[0mGET /api/customer [36m304 [0m85.804 ms - -[0m
[0mGET /api/customer [36m304 [0m81.666 ms - -[0m
[0mGET /api/customer [36m304 [0m85.495 ms - -[0m
[0mGET /api/customers [33m404 [0m1.791 ms - 26[0m
[0mGET /favicon.ico [33m404 [0m0.366 ms - 24[0m
[0mGET /api/customer [36m304 [0m87.162 ms - -[0m
[0mGET /api/customer [36m304 [0m86.727 ms - -[0m
[0mGET /api/customer [36m304 [0m85.215 ms - -[0m
[0mGET /api/customer [36m304 [0m81.339 ms - -[0m
[0mGET /api/customer [36m304 [0m82.924 ms - -[0m
[0mGET /api/customer [36m304 [0m86.501 ms - -[0m
[0mGET /api/customer [36m304 [0m88.525 ms - -[0m
[0mGET /api/customer [36m304 [0m87.359 ms - -[0m
[0mGET /api/customer [36m304 [0m83.283 ms - -[0m
[0mGET /api/customer [36m304 [0m81.672 ms - -[0m
[0mGET /api/customer [36m304 [0m87.331 ms - -[0m
[0mGET /api/customer [36m304 [0m103.793 ms - -[0m
[0mGET /api/customer [36m304 [0m87.941 ms - -[0m
[0mGET /api/customer [36m304 [0m93.416 ms - -[0m
[0mGET /api/customer [36m304 [0m81.700 ms - -[0m
[0mGET /api/customer [36m304 [0m85.649 ms - -[0m
[0mGET /api/customer [36m304 [0m89.530 ms - -[0m
[0mGET /api/customer [36m304 [0m93.319 ms - -[0m
[0mGET /api/customer [36m304 [0m84.181 ms - -[0m
[0mGET /api/customer [36m304 [0m84.741 ms - -[0m
[0mGET /api/customer [36m304 [0m85.729 ms - -[0m
[0mGET /api/customer [36m304 [0m87.280 ms - -[0m
[0mGET /api/customer [36m304 [0m90.375 ms - -[0m
[0mGET /api/customer [36m304 [0m85.598 ms - -[0m
[0mGET /api/customer [36m304 [0m81.561 ms - -[0m
[0mGET /api/customer [36m304 [0m86.773 ms - -[0m
[0mGET /api/customer [36m304 [0m87.313 ms - -[0m
[0mGET /api/customer [36m304 [0m87.117 ms - -[0m
[0mGET /api/customer [36m304 [0m81.538 ms - -[0m
[0mGET /api/customer [36m304 [0m82.062 ms - -[0m
[0mGET /api/customer [36m304 [0m87.392 ms - -[0m
[0mGET /api/customer [36m304 [0m88.512 ms - -[0m
[0mGET /api/customer [36m304 [0m88.935 ms - -[0m
[0mGET /api/customer [36m304 [0m80.957 ms - -[0m
[0mGET /api/customer [36m304 [0m83.111 ms - -[0m
[0mGET /api/customer [36m304 [0m88.747 ms - -[0m
[0mGET /api/customer [36m304 [0m92.012 ms - -[0m
[0mGET /api/customer/545bf9e2abe8af796d2becef [36m304 [0m89.699 ms - -[0m
[0mGET /api/customer [36m304 [0m83.537 ms - -[0m
[0mGET /api/customer [36m304 [0m88.205 ms - -[0m
[0mGET /api/customer [36m304 [0m85.794 ms - -[0m
[0mGET /api/customer [36m304 [0m90.565 ms - -[0m
[0mGET /api/customer [36m304 [0m87.051 ms - -[0m
[0mGET /api/customer [36m304 [0m80.742 ms - -[0m
[0mGET /api/customer [36m304 [0m82.669 ms - -[0m
[0mGET /api/customer [36m304 [0m85.998 ms - -[0m
[0mGET /api/customer [36m304 [0m126.740 ms - -[0m
[0mGET /api/customer [36m304 [0m137.634 ms - -[0m
[0mGET /api/customer [36m304 [0m121.249 ms - -[0m
[0mGET /api/customer [36m304 [0m80.755 ms - -[0m
[0mGET /api/customer [36m304 [0m86.211 ms - -[0m
[0mGET /api/customer [36m304 [0m85.838 ms - -[0m
[0mGET /api/customer [36m304 [0m85.549 ms - -[0m
[0mGET /api/customer [36m304 [0m79.638 ms - -[0m
[0mGET /api/customer [36m304 [0m81.148 ms - -[0m
[0mGET /api/customer [36m304 [0m88.685 ms - -[0m
[0mGET /api/customer [36m304 [0m87.253 ms - -[0m
[0mGET /api/customer [36m304 [0m86.922 ms - -[0m
[0mGET /api/customer [36m304 [0m82.711 ms - -[0m
[0mGET /api/customer [36m304 [0m85.518 ms - -[0m
[0mGET /api/customer [36m304 [0m88.980 ms - -[0m
[0mGET /api/customer [36m304 [0m90.307 ms - -[0m
[0mGET /api/customer [36m304 [0m86.855 ms - -[0m
[0mGET /api/customer [36m304 [0m81.614 ms - -[0m
[0mGET /api/customer [36m304 [0m82.733 ms - -[0m
[0mGET /api/customer [36m304 [0m89.045 ms - -[0m
[0mGET /api/customer [36m304 [0m87.660 ms - -[0m
[0mGET /api/customer [36m304 [0m85.084 ms - -[0m
[0mGET /api/customer [36m304 [0m80.656 ms - -[0m
[0mGET /api/customer [36m304 [0m79.731 ms - -[0m
[0mGET /api/customer [36m304 [0m85.387 ms - -[0m
[0mGET /api/customer/545d57afe548aa037508df5b [36m304 [0m87.433 ms - -[0m
[0mGET /api/customer [36m304 [0m88.666 ms - -[0m
[0mGET /api/customer [36m304 [0m87.108 ms - -[0m
[0mGET /api/customer/545d57afe548aa037508df5b [36m304 [0m87.231 ms - -[0m
[0mGET /api/customer [36m304 [0m88.641 ms - -[0m
[0mGET /api/customer/545c13f6966d1f256e7cce29 [36m304 [0m84.000 ms - -[0m
[0mGET /api/customer/545c13f6966d1f256e7cce29 [36m304 [0m83.049 ms - -[0m
[0mGET /api/customer/545c13f6966d1f256e7cce29 [36m304 [0m77.734 ms - -[0m
[0mGET /api/customer/545c13f6966d1f256e7cce29 [36m304 [0m79.659 ms - -[0m
[0mGET /api/customer/545c13f6966d1f256e7cce29 [36m304 [0m82.497 ms - -[0m
[0mGET /api/customer [36m304 [0m91.642 ms - -[0m
[0mGET /api/customer [36m304 [0m89.129 ms - -[0m
[0mGET /api/customer [36m304 [0m81.552 ms - -[0m
[0mGET /api/customer [36m304 [0m85.557 ms - -[0m
[0mGET /api/customer [36m304 [0m87.440 ms - -[0m
[0mGET /api/customer [36m304 [0m86.838 ms - -[0m
[0mGET /api/customer [36m304 [0m86.519 ms - -[0m
[0mGET /api/customer [36m304 [0m87.484 ms - -[0m
[0mGET /api/customer [36m304 [0m81.394 ms - -[0m
[0mGET /api/customer [36m304 [0m86.003 ms - -[0m
[0mGET /api/customer [36m304 [0m89.210 ms - -[0m
[0mGET /api/customer [36m304 [0m87.156 ms - -[0m
[0mGET /api/customer [36m304 [0m82.205 ms - -[0m
[0mGET /api/customer [36m304 [0m81.086 ms - -[0m
[0mGET /api/customer [36m304 [0m90.115 ms - -[0m
[0mGET /api/customer [36m304 [0m88.353 ms - -[0m
[0mGET /api/customer [36m304 [0m89.944 ms - -[0m
[0mGET /api/customer [36m304 [0m82.339 ms - -[0m
[0mGET /api/customer [36m304 [0m82.222 ms - -[0m
[0mGET /api/customer [36m304 [0m86.869 ms - -[0m
[0mGET /api/customer [36m304 [0m86.516 ms - -[0m
[0mGET /api/customer [36m304 [0m88.400 ms - -[0m
[0mGET /api/customer [36m304 [0m82.239 ms - -[0m
[0mGET /api/customer [36m304 [0m87.995 ms - -[0m
[0mGET /api/customer [36m304 [0m87.265 ms - -[0m
[0mGET /api/customer [36m304 [0m86.484 ms - -[0m
[0mGET /api/customer [36m304 [0m86.766 ms - -[0m
Listening on port: 8080
[0mGET /api/customer [36m304 [0m93.912 ms - -[0m
[0mGET /api/customer [36m304 [0m82.638 ms - -[0m
[0mGET /api/customer [36m304 [0m86.162 ms - -[0m
[0mGET /api/customer [36m304 [0m244.324 ms - -[0m
[0mGET /api/customer [36m304 [0m82.486 ms - -[0m
[0mGET /api/customer [36m304 [0m86.865 ms - -[0m
[0mGET /api/customer [36m304 [0m76.821 ms - -[0m
[0mGET /api/customer [36m304 [0m74.592 ms - -[0m
[0mGET /api/customer [36m304 [0m74.743 ms - -[0m
[0mGET /api/customer [36m304 [0m81.106 ms - -[0m
[0mGET /api/customer [36m304 [0m78.593 ms - -[0m
[0mGET /api/customer [36m304 [0m79.169 ms - -[0m
[0mGET /api/customer [36m304 [0m76.504 ms - -[0m
[0mGET /api/customer [36m304 [0m75.409 ms - -[0m
[0mGET /api/customer [36m304 [0m80.325 ms - -[0m
[0mGET /api/customer [36m304 [0m79.396 ms - -[0m
[0mGET /api/customer [36m304 [0m77.928 ms - -[0m
[0mGET /api/customer [36m304 [0m75.735 ms - -[0m
[0mGET /api/customer [36m304 [0m74.960 ms - -[0m
[0mGET /api/customer [36m304 [0m79.797 ms - -[0m
[0mGET /api/customer [36m304 [0m78.780 ms - -[0m
[0mGET /api/customer [36m304 [0m77.651 ms - -[0m
[0mGET /api/customer [36m304 [0m76.200 ms - -[0m
[0mGET /api/customer [36m304 [0m77.835 ms - -[0m
[0mGET /api/customer [36m304 [0m311.058 ms - -[0m
[0mGET /api/customer [36m304 [0m84.491 ms - -[0m
[0mGET /api/customer [36m304 [0m78.427 ms - -[0m
[0mGET /api/customer [36m304 [0m164.885 ms - -[0m
[0mGET /api/customer [36m304 [0m73.972 ms - -[0m
[0mGET /api/customer [36m304 [0m80.384 ms - -[0m
[0mGET /api/customer [36m304 [0m80.554 ms - -[0m
[0mGET /api/customer [36m304 [0m78.822 ms - -[0m
[0mGET /api/customer [36m304 [0m76.159 ms - -[0m
[0mGET /api/customer [36m304 [0m78.136 ms - -[0m
[0mGET /api/customer [36m304 [0m86.915 ms - -[0m
[0mGET /api/customer [36m304 [0m145.236 ms - -[0m
[0mGET /api/customer [36m304 [0m244.461 ms - -[0m
[0mGET /api/customer [36m304 [0m74.858 ms - -[0m
[0mGET /api/customer [36m304 [0m74.445 ms - -[0m
[0mGET /api/customer [36m304 [0m81.409 ms - -[0m
[0mGET /api/customer [36m304 [0m79.839 ms - -[0m
[0mGET /api/customer [36m304 [0m81.173 ms - -[0m
[0mGET /api/customer [36m304 [0m75.008 ms - -[0m
[0mGET /api/customer [36m304 [0m73.397 ms - -[0m
[0mGET /api/customer [36m304 [0m169.289 ms - -[0m
[0mGET /api/customer [36m304 [0m79.373 ms - -[0m
[0mGET /api/customer [36m304 [0m78.346 ms - -[0m
[0mGET /api/customer [36m304 [0m76.280 ms - -[0m
[0mGET /api/customer [36m304 [0m73.306 ms - -[0m
[0mGET /api/customer [36m304 [0m79.670 ms - -[0m
[0mGET /api/customer [36m304 [0m209.198 ms - -[0m
[0mGET /api/customer [36m304 [0m80.186 ms - -[0m
[0mGET /api/customer [36m304 [0m76.759 ms - -[0m
[0mGET /api/customer [36m304 [0m75.165 ms - -[0m
[0mGET /api/customer [36m304 [0m80.873 ms - -[0m
[0mGET /api/customer [36m304 [0m83.663 ms - -[0m
[0mGET /api/customer [36m304 [0m150.254 ms - -[0m
[0mGET /api/customer [36m304 [0m83.510 ms - -[0m
[0mGET /api/customer [36m304 [0m74.628 ms - -[0m
[0mGET /api/customer [36m304 [0m80.070 ms - -[0m
[0mGET /api/customer [36m304 [0m78.618 ms - -[0m
[0mGET /api/customer [36m304 [0m80.080 ms - -[0m
[0mGET /api/customer [36m304 [0m74.740 ms - -[0m
[0mGET /api/customer [36m304 [0m77.519 ms - -[0m
[0mGET /api/customer [36m304 [0m385.444 ms - -[0m
[0mGET /api/customer [36m304 [0m80.504 ms - -[0m
[0mGET /api/customer [36m304 [0m79.475 ms - -[0m
[0mGET /api/customer [36m304 [0m138.086 ms - -[0m
[0mGET /api/customer [36m304 [0m76.710 ms - -[0m
[0mGET /api/customer [36m304 [0m79.239 ms - -[0m
[0mGET /api/customer [36m304 [0m82.350 ms - -[0m
[0mGET /api/customer [36m304 [0m79.976 ms - -[0m
[0mGET /api/customer [36m304 [0m75.779 ms - -[0m
[0mGET /api/customer [36m304 [0m74.200 ms - -[0m
[0mGET /api/customer [36m304 [0m81.443 ms - -[0m
[0mGET /api/customer [36m304 [0m85.228 ms - -[0m
[0mGET /api/customer [36m304 [0m259.365 ms - -[0m
[0mGET /api/customer [36m304 [0m76.032 ms - -[0m
[0mGET /api/customer [36m304 [0m74.772 ms - -[0m
[0mGET /api/customer [36m304 [0m81.012 ms - -[0m
[0mGET /api/customer [36m304 [0m77.311 ms - -[0m
[0mGET /api/customer [36m304 [0m81.889 ms - -[0m
[0mGET /api/customer [36m304 [0m78.618 ms - -[0m
[0mGET /api/customer [36m304 [0m74.524 ms - -[0m
[0mGET /api/customer [36m304 [0m81.493 ms - -[0m
[0mGET /api/customer [36m304 [0m78.574 ms - -[0m
[0mGET /api/customer [36m304 [0m78.605 ms - -[0m
[0mGET /api/customer [36m304 [0m76.302 ms - -[0m
[0mGET /api/customer [36m304 [0m76.904 ms - -[0m
[0mGET /api/customer [36m304 [0m82.196 ms - -[0m
[0mGET /api/customer [36m304 [0m78.850 ms - -[0m
[0mOPTIONS /api/customer [32m200 [0m1.031 ms - 8[0m
[0mPOST /api/customer [32m200 [0m82.576 ms - 31[0m
[0mGET /api/customer [32m200 [0m78.601 ms - 2688[0m
[0mGET /api/customer/546544c86056e467a27de04d [32m200 [0m81.875 ms - 104[0m
[0mGET /api/customer [32m200 [0m80.412 ms - 2688[0m
[0mGET /api/customer [36m304 [0m80.192 ms - -[0m
[0mGET /api/customer [36m304 [0m75.713 ms - -[0m
[0mGET /api/customer [36m304 [0m78.439 ms - -[0m
[0mGET /api/customer [36m304 [0m326.821 ms - -[0m
[0mGET /api/customer [36m304 [0m78.951 ms - -[0m
[0mGET /api/customer [36m304 [0m79.053 ms - -[0m
[0mGET /api/customer [36m304 [0m77.764 ms - -[0m
[0mGET /api/customer [36m304 [0m76.050 ms - -[0m
[0mGET /api/customer [36m304 [0m81.422 ms - -[0m
[0mGET /api/customer [36m304 [0m256.786 ms - -[0m
[0mGET /api/customer [36m304 [0m80.286 ms - -[0m
[0mGET /api/customer [36m304 [0m75.439 ms - -[0m
[0mGET /api/customer [36m304 [0m77.185 ms - -[0m
[0mGET /api/customer [36m304 [0m80.645 ms - -[0m
[0mGET /api/customer [36m304 [0m79.524 ms - -[0m
[0mGET /api/customer [36m304 [0m145.918 ms - -[0m
[0mGET /api/customer [36m304 [0m77.038 ms - -[0m
[0mGET /api/customer [36m304 [0m76.383 ms - -[0m
[0mGET /api/customer [36m304 [0m136.255 ms - -[0m
[0mGET /api/customer [36m304 [0m80.155 ms - -[0m
[0mGET /api/customer [36m304 [0m81.067 ms - -[0m
[0mGET /api/customer [36m304 [0m177.164 ms - -[0m
[0mGET /api/customer [36m304 [0m75.980 ms - -[0m
[0mGET /api/customer [36m304 [0m80.327 ms - -[0m
[0mGET /api/customer [36m304 [0m79.554 ms - -[0m
[0mGET /api/customer [36m304 [0m80.971 ms - -[0m
[0mGET /api/customer [36m304 [0m77.760 ms - -[0m
[0mGET /api/customer [36m304 [0m77.001 ms - -[0m
[0mGET /api/customer [36m304 [0m80.626 ms - -[0m
[0mGET /api/customer [36m304 [0m96.530 ms - -[0m
[0mGET /api/customer [36m304 [0m135.084 ms - -[0m
[0mGET /api/customer [36m304 [0m81.573 ms - -[0m
[0mGET /api/customer [36m304 [0m76.363 ms - -[0m
[0mGET /api/customer [36m304 [0m380.846 ms - -[0m
[0mGET /api/customer [36m304 [0m82.984 ms - -[0m
[0mGET /api/customer [36m304 [0m86.082 ms - -[0m
[0mGET /api/customer [36m304 [0m177.354 ms - -[0m
[0mGET /api/customer [36m304 [0m78.246 ms - -[0m
[0mGET /api/customer [36m304 [0m82.011 ms - -[0m
[0mGET /api/customer [36m304 [0m79.489 ms - -[0m
[0mGET /api/customer/545c13f6966d1f256e7cce29 [36m304 [0m79.518 ms - -[0m
[0mGET /api/customer [36m304 [0m76.522 ms - -[0m
[0mGET /api/customer [36m304 [0m75.423 ms - -[0m
[0mGET /api/customer [36m304 [0m80.044 ms - -[0m
[0mGET /api/customer [36m304 [0m80.270 ms - -[0m
[0mGET /api/customer [36m304 [0m79.608 ms - -[0m
[0mGET /api/customer [36m304 [0m76.244 ms - -[0m
[0mGET /api/customer [36m304 [0m75.437 ms - -[0m
[0mGET /api/customer [36m304 [0m81.772 ms - -[0m
[0mGET /api/customer [36m304 [0m78.855 ms - -[0m
[0mGET /api/customer [36m304 [0m277.600 ms - -[0m
[0mGET /api/customer [36m304 [0m77.567 ms - -[0m
[0mGET /api/customer [36m304 [0m76.033 ms - -[0m
[0mGET /api/customer [36m304 [0m80.676 ms - -[0m
[0mGET /api/customer/545c13f6966d1f256e7cce29 [36m304 [0m77.946 ms - -[0m
[0mGET /api/customer [36m304 [0m77.999 ms - -[0m
[0mGET /api/customer [36m304 [0m74.324 ms - -[0m
[0mGET /api/customer [36m304 [0m74.831 ms - -[0m
[0mGET /api/customer [36m304 [0m80.673 ms - -[0m
[0mGET /api/customer [36m304 [0m79.554 ms - -[0m
[0mGET /api/customer [36m304 [0m79.647 ms - -[0m
[0mGET /api/customer [36m304 [0m74.363 ms - -[0m
[0mGET /api/customer [36m304 [0m75.403 ms - -[0m
[0mGET /api/customer [36m304 [0m79.434 ms - -[0m
[0mGET /api/customer [36m304 [0m78.481 ms - -[0m
[0mGET /api/customer [36m304 [0m77.860 ms - -[0m
[0mGET /api/customer [36m304 [0m317.723 ms - -[0m
[0mGET /api/customer [36m304 [0m75.555 ms - -[0m
[0mGET /api/customer [36m304 [0m80.249 ms - -[0m
[0mGET /api/customer [36m304 [0m79.084 ms - -[0m
[0mGET /api/customer [36m304 [0m79.748 ms - -[0m
[0mGET /api/customer [36m304 [0m76.781 ms - -[0m
[0mGET /api/customer [36m304 [0m74.632 ms - -[0m
[0mGET /api/customer [36m304 [0m79.328 ms - -[0m
[0mGET /api/customer [36m304 [0m78.359 ms - -[0m
[0mGET /api/customer [36m304 [0m79.562 ms - -[0m
[0mGET /api/customer [36m304 [0m75.599 ms - -[0m
[0mGET /api/customer [36m304 [0m73.541 ms - -[0m
[0mGET /api/customer [36m304 [0m78.929 ms - -[0m
[0mGET /api/customer [36m304 [0m188.444 ms - -[0m
[0mGET /api/customer [36m304 [0m79.276 ms - -[0m
[0mGET /api/customer [36m304 [0m76.199 ms - -[0m
[0mGET /api/customer [36m304 [0m74.421 ms - -[0m
[0mGET /api/customer [36m304 [0m80.197 ms - -[0m
[0mGET /api/customer [36m304 [0m83.055 ms - -[0m
[0mGET /api/customer [36m304 [0m78.519 ms - -[0m
[0mGET /api/customer [36m304 [0m81.441 ms - -[0m
[0mGET /api/customer [36m304 [0m73.927 ms - -[0m
